d:\src\vs17\hctf_re\redriversimple\x64\release\vc141.pdb
d:\src\vs17\hctf_re\redriversimple\x64\release\redriversimple.obj
d:\src\vs17\hctf_re\x64\release\redriversimple.sys
d:\src\vs17\hctf_re\x64\release\redriversimple\redriversimple.cat
d:\src\vs17\hctf_re\redriversimple\x64\release\redriversimple.inf
d:\src\vs17\hctf_re\x64\release\redriversimple.cer
d:\src\vs17\hctf_re\x64\release\redriversimple.inf
d:\src\vs17\hctf_re\x64\release\redriversimple.pdb
d:\src\vs17\hctf_re\redriversimple\x64\release\redriversimple.tlog\cl.command.1.tlog
d:\src\vs17\hctf_re\redriversimple\x64\release\redriversimple.tlog\cl.read.1.tlog
d:\src\vs17\hctf_re\redriversimple\x64\release\redriversimple.tlog\cl.write.1.tlog
d:\src\vs17\hctf_re\redriversimple\x64\release\redriversimple.tlog\inf2cat-expand.116.read.1.tlog
d:\src\vs17\hctf_re\redriversimple\x64\release\redriversimple.tlog\inf2cat-expand.116.write.1.tlog
d:\src\vs17\hctf_re\redriversimple\x64\release\redriversimple.tlog\inf2cat-expand.12264.read.1.tlog
d:\src\vs17\hctf_re\redriversimple\x64\release\redriversimple.tlog\inf2cat-expand.12264.write.1.tlog
d:\src\vs17\hctf_re\redriversimple\x64\release\redriversimple.tlog\inf2cat-expand.13316.read.1.tlog
d:\src\vs17\hctf_re\redriversimple\x64\release\redriversimple.tlog\inf2cat-expand.13316.write.1.tlog
d:\src\vs17\hctf_re\redriversimple\x64\release\redriversimple.tlog\inf2cat-expand.14824.read.1.tlog
d:\src\vs17\hctf_re\redriversimple\x64\release\redriversimple.tlog\inf2cat-expand.14824.write.1.tlog
d:\src\vs17\hctf_re\redriversimple\x64\release\redriversimple.tlog\inf2cat-expand.14936.read.1.tlog
d:\src\vs17\hctf_re\redriversimple\x64\release\redriversimple.tlog\inf2cat-expand.14936.write.1.tlog
d:\src\vs17\hctf_re\redriversimple\x64\release\redriversimple.tlog\inf2cat-expand.16036.read.1.tlog
d:\src\vs17\hctf_re\redriversimple\x64\release\redriversimple.tlog\inf2cat-expand.16036.write.1.tlog
d:\src\vs17\hctf_re\redriversimple\x64\release\redriversimple.tlog\inf2cat-expand.16412.read.1.tlog
d:\src\vs17\hctf_re\redriversimple\x64\release\redriversimple.tlog\inf2cat-expand.16412.write.1.tlog
d:\src\vs17\hctf_re\redriversimple\x64\release\redriversimple.tlog\inf2cat-expand.17140.read.1.tlog
d:\src\vs17\hctf_re\redriversimple\x64\release\redriversimple.tlog\inf2cat-expand.17140.write.1.tlog
d:\src\vs17\hctf_re\redriversimple\x64\release\redriversimple.tlog\inf2cat-expand.19016.read.1.tlog
d:\src\vs17\hctf_re\redriversimple\x64\release\redriversimple.tlog\inf2cat-expand.19016.write.1.tlog
d:\src\vs17\hctf_re\redriversimple\x64\release\redriversimple.tlog\inf2cat-expand.19676.read.1.tlog
d:\src\vs17\hctf_re\redriversimple\x64\release\redriversimple.tlog\inf2cat-expand.19676.write.1.tlog
d:\src\vs17\hctf_re\redriversimple\x64\release\redriversimple.tlog\inf2cat-expand.20192.read.1.tlog
d:\src\vs17\hctf_re\redriversimple\x64\release\redriversimple.tlog\inf2cat-expand.20192.write.1.tlog
d:\src\vs17\hctf_re\redriversimple\x64\release\redriversimple.tlog\inf2cat-expand.21240.read.1.tlog
d:\src\vs17\hctf_re\redriversimple\x64\release\redriversimple.tlog\inf2cat-expand.21240.write.1.tlog
d:\src\vs17\hctf_re\redriversimple\x64\release\redriversimple.tlog\inf2cat-expand.23052.read.1.tlog
d:\src\vs17\hctf_re\redriversimple\x64\release\redriversimple.tlog\inf2cat-expand.23052.write.1.tlog
d:\src\vs17\hctf_re\redriversimple\x64\release\redriversimple.tlog\inf2cat-expand.23072.read.1.tlog
d:\src\vs17\hctf_re\redriversimple\x64\release\redriversimple.tlog\inf2cat-expand.23072.write.1.tlog
d:\src\vs17\hctf_re\redriversimple\x64\release\redriversimple.tlog\inf2cat-expand.4612.read.1.tlog
d:\src\vs17\hctf_re\redriversimple\x64\release\redriversimple.tlog\inf2cat-expand.4612.write.1.tlog
d:\src\vs17\hctf_re\redriversimple\x64\release\redriversimple.tlog\inf2cat-expand.5700.read.1.tlog
d:\src\vs17\hctf_re\redriversimple\x64\release\redriversimple.tlog\inf2cat-expand.5700.write.1.tlog
d:\src\vs17\hctf_re\redriversimple\x64\release\redriversimple.tlog\inf2cat-expand.5796.read.1.tlog
d:\src\vs17\hctf_re\redriversimple\x64\release\redriversimple.tlog\inf2cat-expand.5796.write.1.tlog
d:\src\vs17\hctf_re\redriversimple\x64\release\redriversimple.tlog\inf2cat-expand.5984.read.1.tlog
d:\src\vs17\hctf_re\redriversimple\x64\release\redriversimple.tlog\inf2cat-expand.5984.write.1.tlog
d:\src\vs17\hctf_re\redriversimple\x64\release\redriversimple.tlog\inf2cat-expand.7200.read.1.tlog
d:\src\vs17\hctf_re\redriversimple\x64\release\redriversimple.tlog\inf2cat-expand.7200.write.1.tlog
d:\src\vs17\hctf_re\redriversimple\x64\release\redriversimple.tlog\inf2cat-expand.read.1.tlog
d:\src\vs17\hctf_re\redriversimple\x64\release\redriversimple.tlog\inf2cat-expand.write.1.tlog
d:\src\vs17\hctf_re\redriversimple\x64\release\redriversimple.tlog\inf2cat.command.1.tlog
d:\src\vs17\hctf_re\redriversimple\x64\release\redriversimple.tlog\inf2cat.read.1.tlog
d:\src\vs17\hctf_re\redriversimple\x64\release\redriversimple.tlog\inf2cat.read.8.tlog
d:\src\vs17\hctf_re\redriversimple\x64\release\redriversimple.tlog\inf2cat.read.9.tlog
d:\src\vs17\hctf_re\redriversimple\x64\release\redriversimple.tlog\inf2cat.write.1.tlog
d:\src\vs17\hctf_re\redriversimple\x64\release\redriversimple.tlog\inf2cat.write.8.tlog
d:\src\vs17\hctf_re\redriversimple\x64\release\redriversimple.tlog\inf2cat.write.9.tlog
d:\src\vs17\hctf_re\redriversimple\x64\release\redriversimple.tlog\link.command.1.tlog
d:\src\vs17\hctf_re\redriversimple\x64\release\redriversimple.tlog\link.read.1.tlog
d:\src\vs17\hctf_re\redriversimple\x64\release\redriversimple.tlog\link.write.1.tlog
d:\src\vs17\hctf_re\redriversimple\x64\release\redriversimple.tlog\signtool.command.1.tlog
d:\src\vs17\hctf_re\redriversimple\x64\release\redriversimple.tlog\signtool.read.1.tlog
d:\src\vs17\hctf_re\redriversimple\x64\release\redriversimple.tlog\signtool.timestamp.1.tlog
d:\src\vs17\hctf_re\redriversimple\x64\release\redriversimple.tlog\signtool.write.1.tlog
d:\src\vs17\hctf_re\redriversimple\x64\release\redriversimple.tlog\stampinf.command.1.tlog
d:\src\vs17\hctf_re\redriversimple\x64\release\redriversimple.tlog\stampinf.read.1.tlog
d:\src\vs17\hctf_re\redriversimple\x64\release\redriversimple.tlog\stampinf.write.1.tlog
